  ATM System.cpp
D:\Programming Advices Courses\مرحلة التأسيس الأولى\Course 11 OOP Level 2 Application\By Me\ATM System\ATM System\clsString.h(40,25): warning C4267: 'return': conversion from 'size_t' to 'short', possible loss of data
  (compiling source file 'ATM%20System.cpp')
  
D:\Programming Advices Courses\مرحلة التأسيس الأولى\Course 11 OOP Level 2 Application\By Me\ATM System\ATM System\clsString.h(45,29): warning C4267: 'return': conversion from 'size_t' to 'short', possible loss of data
  (compiling source file 'ATM%20System.cpp')
  
D:\Programming Advices Courses\مرحلة التأسيس الأولى\Course 11 OOP Level 2 Application\By Me\ATM System\ATM System\clsString.h(57,30): warning C4267: '=': conversion from 'size_t' to 'short', possible loss of data
  (compiling source file 'ATM%20System.cpp')
  
D:\Programming Advices Courses\مرحلة التأسيس الأولى\Course 11 OOP Level 2 Application\By Me\ATM System\ATM System\clsString.h(194,29): warning C4267: 'return': conversion from 'size_t' to 'short', possible loss of data
  (compiling source file 'ATM%20System.cpp')
  
D:\Programming Advices Courses\مرحلة التأسيس الأولى\Course 11 OOP Level 2 Application\By Me\ATM System\ATM System\clsString.h(325,30): warning C4267: '=': conversion from 'size_t' to 'short', possible loss of data
  (compiling source file 'ATM%20System.cpp')
  
D:\Programming Advices Courses\مرحلة التأسيس الأولى\Course 11 OOP Level 2 Application\By Me\ATM System\ATM System\clsString.h(373,22): warning C4267: 'initializing': conversion from 'size_t' to 'short', possible loss of data
  (compiling source file 'ATM%20System.cpp')
  
D:\Programming Advices Courses\مرحلة التأسيس الأولى\Course 11 OOP Level 2 Application\By Me\ATM System\ATM System\clsUtil.h(64,5): warning C4102: 'defualt': unreferenced label
  (compiling source file 'ATM%20System.cpp')
  
D:\Programming Advices Courses\مرحلة التأسيس الأولى\Course 11 OOP Level 2 Application\By Me\ATM System\ATM System\clsAtmSystem.h(253,9): warning C4240: nonstandard extension used: access to 'clsAtmSystem::stLoginRegister' now defined to be 'public', previously it was defined to be 'private'
  (compiling source file 'ATM%20System.cpp')
      D:\Programming Advices Courses\مرحلة التأسيس الأولى\Course 11 OOP Level 2 Application\By Me\ATM System\ATM System\clsAtmSystem.h(22,9):
      see declaration of 'clsAtmSystem::stLoginRegister'
  
D:\Programming Advices Courses\مرحلة التأسيس الأولى\Course 11 OOP Level 2 Application\By Me\ATM System\ATM System\clsAtmSystem.h(260,9): warning C4240: nonstandard extension used: access to 'clsAtmSystem::stTransactionsRegister' now defined to be 'public', previously it was defined to be 'private'
  (compiling source file 'ATM%20System.cpp')
      D:\Programming Advices Courses\مرحلة التأسيس الأولى\Course 11 OOP Level 2 Application\By Me\ATM System\ATM System\clsAtmSystem.h(23,9):
      see declaration of 'clsAtmSystem::stTransactionsRegister'
  
D:\Programming Advices Courses\مرحلة التأسيس الأولى\Course 11 OOP Level 2 Application\By Me\ATM System\ATM System\clsInputValidate.h(115,16): warning C4244: 'initializing': conversion from 'double' to 'float', possible loss of data
  (compiling source file 'ATM%20System.cpp')
  
D:\Programming Advices Courses\مرحلة التأسيس الأولى\Course 11 OOP Level 2 Application\By Me\ATM System\ATM System\clsInputValidate.h(119,26): warning C4244: '=': conversion from 'double' to 'float', possible loss of data
  (compiling source file 'ATM%20System.cpp')
  
D:\Programming Advices Courses\مرحلة التأسيس الأولى\Course 11 OOP Level 2 Application\By Me\ATM System\ATM System\clsNormalWithdrawScreen.h(38,10): warning C4244: 'return': conversion from 'double' to 'int', possible loss of data
  (compiling source file 'ATM%20System.cpp')
  
D:\Programming Advices Courses\مرحلة التأسيس الأولى\Course 11 OOP Level 2 Application\By Me\ATM System\ATM System\clsAtmSystem.h(371,1): warning C4715: 'clsAtmSystem::Save': not all control paths return a value
  ATM System.vcxproj -> D:\Programming Advices Courses\مرحلة التأسيس الأولى\Course 11 OOP Level 2 Application\By Me\ATM System\x64\Debug\ATM System.exe
